# Logfile created on 2014-02-17 02:15:35 +0100 by logger.rb/44203
I, [2014-02-17T02:15:35.776626 #35671]  INFO -- : 0:  rake (10.1.1) from /Users/l0ck3/.rbenv/versions/2.1.0/lib/ruby/gems/2.1.0/specifications/rake-10.1.1.gemspec
I, [2014-02-17T02:15:35.776965 #35671]  INFO -- : 0:  RedCloth (4.2.9) from /Users/l0ck3/.rbenv/versions/2.1.0/lib/ruby/gems/2.1.0/specifications/RedCloth-4.2.9.gemspec
I, [2014-02-17T02:15:36.794898 #35671]  INFO -- : 0:  timers (1.1.0) from /Users/l0ck3/.rbenv/versions/2.1.0/lib/ruby/gems/2.1.0/specifications/timers-1.1.0.gemspec
I, [2014-02-17T02:15:37.835993 #35671]  INFO -- : 0:  celluloid (0.15.2) from /Users/l0ck3/.rbenv/versions/2.1.0/lib/ruby/gems/2.1.0/specifications/celluloid-0.15.2.gemspec
I, [2014-02-17T02:15:40.506280 #35671]  INFO -- : 0:  nio4r (1.0.0) from /Users/l0ck3/.rbenv/versions/2.1.0/lib/ruby/gems/2.1.0/specifications/nio4r-1.0.0.gemspec
I, [2014-02-17T02:15:41.569388 #35671]  INFO -- : 0:  celluloid-io (0.15.0) from /Users/l0ck3/.rbenv/versions/2.1.0/lib/ruby/gems/2.1.0/specifications/celluloid-io-0.15.0.gemspec
I, [2014-02-17T02:15:41.569918 #35671]  INFO -- : 0:  coderay (1.1.0) from /Users/l0ck3/.rbenv/versions/2.1.0/lib/ruby/gems/2.1.0/specifications/coderay-1.1.0.gemspec
I, [2014-02-17T02:15:41.570262 #35671]  INFO -- : 0:  docile (1.1.3) from /Users/l0ck3/.rbenv/versions/2.1.0/lib/ruby/gems/2.1.0/specifications/docile-1.1.3.gemspec
I, [2014-02-17T02:15:41.570563 #35671]  INFO -- : 0:  ffi (1.9.3) from /Users/l0ck3/.rbenv/versions/2.1.0/lib/ruby/gems/2.1.0/specifications/ffi-1.9.3.gemspec
I, [2014-02-17T02:15:41.570845 #35671]  INFO -- : 0:  formatador (0.2.4) from /Users/l0ck3/.rbenv/versions/2.1.0/lib/ruby/gems/2.1.0/specifications/formatador-0.2.4.gemspec
I, [2014-02-17T02:15:41.571132 #35671]  INFO -- : 0:  gli (2.9.0) from /Users/l0ck3/.rbenv/versions/2.1.0/lib/ruby/gems/2.1.0/specifications/gli-2.9.0.gemspec
I, [2014-02-17T02:15:41.571414 #35671]  INFO -- : 0:  rb-fsevent (0.9.4) from /Users/l0ck3/.rbenv/versions/2.1.0/lib/ruby/gems/2.1.0/specifications/rb-fsevent-0.9.4.gemspec
I, [2014-02-17T02:15:41.571697 #35671]  INFO -- : 0:  rb-inotify (0.9.3) from /Users/l0ck3/.rbenv/versions/2.1.0/lib/ruby/gems/2.1.0/specifications/rb-inotify-0.9.3.gemspec
I, [2014-02-17T02:15:42.649330 #35671]  INFO -- : 0:  listen (2.5.0) from /Users/l0ck3/.rbenv/versions/2.1.0/lib/ruby/gems/2.1.0/specifications/listen-2.5.0.gemspec
I, [2014-02-17T02:15:42.649687 #35671]  INFO -- : 0:  lumberjack (1.0.4) from /Users/l0ck3/.rbenv/versions/2.1.0/lib/ruby/gems/2.1.0/specifications/lumberjack-1.0.4.gemspec
I, [2014-02-17T02:15:43.599389 #35671]  INFO -- : 0:  method_source (0.8.2) from /Users/l0ck3/.rbenv/versions/2.1.0/lib/ruby/gems/2.1.0/specifications/method_source-0.8.2.gemspec
I, [2014-02-17T02:15:44.663564 #35671]  INFO -- : 0:  slop (3.4.7) from /Users/l0ck3/.rbenv/versions/2.1.0/lib/ruby/gems/2.1.0/specifications/slop-3.4.7.gemspec
I, [2014-02-17T02:15:45.994813 #35671]  INFO -- : 0:  pry (0.9.12.6) from /Users/l0ck3/.rbenv/versions/2.1.0/lib/ruby/gems/2.1.0/specifications/pry-0.9.12.6.gemspec
I, [2014-02-17T02:15:45.995195 #35671]  INFO -- : 0:  thor (0.18.1) from /Users/l0ck3/.rbenv/versions/2.1.0/lib/ruby/gems/2.1.0/specifications/thor-0.18.1.gemspec
I, [2014-02-17T02:15:47.233125 #35671]  INFO -- : 0:  guard (2.4.0) from /Users/l0ck3/.rbenv/versions/2.1.0/lib/ruby/gems/2.1.0/specifications/guard-2.4.0.gemspec
I, [2014-02-17T02:15:48.178222 #35671]  INFO -- : 0:  guard-shell (0.6.1) from /Users/l0ck3/.rbenv/versions/2.1.0/lib/ruby/gems/2.1.0/specifications/guard-shell-0.6.1.gemspec
I, [2014-02-17T02:15:48.178581 #35671]  INFO -- : 0:  tilt (2.0.0) from /Users/l0ck3/.rbenv/versions/2.1.0/lib/ruby/gems/2.1.0/specifications/tilt-2.0.0.gemspec
I, [2014-02-17T02:15:48.178883 #35671]  INFO -- : 0:  haml (4.0.5) from /Users/l0ck3/.rbenv/versions/2.1.0/lib/ruby/gems/2.1.0/specifications/haml-4.0.5.gemspec
I, [2014-02-17T02:15:48.179368 #35671]  INFO -- : 0:  redcarpet (2.3.0) from /Users/l0ck3/.rbenv/versions/2.1.0/lib/ruby/gems/2.1.0/specifications/redcarpet-2.3.0.gemspec
I, [2014-02-17T02:15:48.179641 #35671]  INFO -- : 0:  temple (0.6.7) from /Users/l0ck3/.rbenv/versions/2.1.0/lib/ruby/gems/2.1.0/specifications/temple-0.6.7.gemspec
I, [2014-02-17T02:15:48.179919 #35671]  INFO -- : 0:  slim (2.0.2) from /Users/l0ck3/.rbenv/versions/2.1.0/lib/ruby/gems/2.1.0/specifications/slim-2.0.2.gemspec
I, [2014-02-17T02:15:48.180209 #35671]  INFO -- : 0:  reveal-ck (0.2.0) from /Users/l0ck3/.rbenv/versions/2.1.0/lib/ruby/gems/2.1.0/specifications/reveal-ck-0.2.0.gemspec
I, [2014-02-17T02:15:48.180513 #35671]  INFO -- : 0:  bundler (1.5.1) from /Users/l0ck3/.rbenv/versions/2.1.0/lib/ruby/gems/2.1.0/specifications/bundler-1.5.1.gemspec
I, [2014-02-17T03:09:46.738579 #37885]  INFO -- : 0:  rake (10.1.1) from /Users/l0ck3/.rbenv/versions/2.1.0/lib/ruby/gems/2.1.0/specifications/rake-10.1.1.gemspec
I, [2014-02-17T03:09:46.738958 #37885]  INFO -- : 0:  RedCloth (4.2.9) from /Users/l0ck3/.rbenv/versions/2.1.0/lib/ruby/gems/2.1.0/specifications/RedCloth-4.2.9.gemspec
I, [2014-02-17T03:09:46.739222 #37885]  INFO -- : 0:  timers (1.1.0) from /Users/l0ck3/.rbenv/versions/2.1.0/lib/ruby/gems/2.1.0/specifications/timers-1.1.0.gemspec
I, [2014-02-17T03:09:46.739492 #37885]  INFO -- : 0:  celluloid (0.15.2) from /Users/l0ck3/.rbenv/versions/2.1.0/lib/ruby/gems/2.1.0/specifications/celluloid-0.15.2.gemspec
I, [2014-02-17T03:09:46.739752 #37885]  INFO -- : 0:  nio4r (1.0.0) from /Users/l0ck3/.rbenv/versions/2.1.0/lib/ruby/gems/2.1.0/specifications/nio4r-1.0.0.gemspec
I, [2014-02-17T03:09:46.740005 #37885]  INFO -- : 0:  celluloid-io (0.15.0) from /Users/l0ck3/.rbenv/versions/2.1.0/lib/ruby/gems/2.1.0/specifications/celluloid-io-0.15.0.gemspec
I, [2014-02-17T03:09:46.740274 #37885]  INFO -- : 0:  coderay (1.1.0) from /Users/l0ck3/.rbenv/versions/2.1.0/lib/ruby/gems/2.1.0/specifications/coderay-1.1.0.gemspec
I, [2014-02-17T03:09:46.740499 #37885]  INFO -- : 0:  docile (1.1.3) from /Users/l0ck3/.rbenv/versions/2.1.0/lib/ruby/gems/2.1.0/specifications/docile-1.1.3.gemspec
I, [2014-02-17T03:09:46.740749 #37885]  INFO -- : 0:  ffi (1.9.3) from /Users/l0ck3/.rbenv/versions/2.1.0/lib/ruby/gems/2.1.0/specifications/ffi-1.9.3.gemspec
I, [2014-02-17T03:09:46.740999 #37885]  INFO -- : 0:  formatador (0.2.4) from /Users/l0ck3/.rbenv/versions/2.1.0/lib/ruby/gems/2.1.0/specifications/formatador-0.2.4.gemspec
I, [2014-02-17T03:09:46.741241 #37885]  INFO -- : 0:  gli (2.9.0) from /Users/l0ck3/.rbenv/versions/2.1.0/lib/ruby/gems/2.1.0/specifications/gli-2.9.0.gemspec
I, [2014-02-17T03:09:46.741490 #37885]  INFO -- : 0:  rb-fsevent (0.9.4) from /Users/l0ck3/.rbenv/versions/2.1.0/lib/ruby/gems/2.1.0/specifications/rb-fsevent-0.9.4.gemspec
I, [2014-02-17T03:09:46.741750 #37885]  INFO -- : 0:  rb-inotify (0.9.3) from /Users/l0ck3/.rbenv/versions/2.1.0/lib/ruby/gems/2.1.0/specifications/rb-inotify-0.9.3.gemspec
I, [2014-02-17T03:09:46.742002 #37885]  INFO -- : 0:  listen (2.5.0) from /Users/l0ck3/.rbenv/versions/2.1.0/lib/ruby/gems/2.1.0/specifications/listen-2.5.0.gemspec
I, [2014-02-17T03:09:46.742240 #37885]  INFO -- : 0:  lumberjack (1.0.4) from /Users/l0ck3/.rbenv/versions/2.1.0/lib/ruby/gems/2.1.0/specifications/lumberjack-1.0.4.gemspec
I, [2014-02-17T03:09:46.742485 #37885]  INFO -- : 0:  method_source (0.8.2) from /Users/l0ck3/.rbenv/versions/2.1.0/lib/ruby/gems/2.1.0/specifications/method_source-0.8.2.gemspec
I, [2014-02-17T03:09:46.742730 #37885]  INFO -- : 0:  slop (3.4.7) from /Users/l0ck3/.rbenv/versions/2.1.0/lib/ruby/gems/2.1.0/specifications/slop-3.4.7.gemspec
I, [2014-02-17T03:09:46.742974 #37885]  INFO -- : 0:  pry (0.9.12.6) from /Users/l0ck3/.rbenv/versions/2.1.0/lib/ruby/gems/2.1.0/specifications/pry-0.9.12.6.gemspec
I, [2014-02-17T03:09:46.743230 #37885]  INFO -- : 0:  thor (0.18.1) from /Users/l0ck3/.rbenv/versions/2.1.0/lib/ruby/gems/2.1.0/specifications/thor-0.18.1.gemspec
I, [2014-02-17T03:09:46.743488 #37885]  INFO -- : 0:  guard (2.4.0) from /Users/l0ck3/.rbenv/versions/2.1.0/lib/ruby/gems/2.1.0/specifications/guard-2.4.0.gemspec
I, [2014-02-17T03:09:46.743730 #37885]  INFO -- : 0:  guard-shell (0.6.1) from /Users/l0ck3/.rbenv/versions/2.1.0/lib/ruby/gems/2.1.0/specifications/guard-shell-0.6.1.gemspec
I, [2014-02-17T03:09:46.743985 #37885]  INFO -- : 0:  tilt (2.0.0) from /Users/l0ck3/.rbenv/versions/2.1.0/lib/ruby/gems/2.1.0/specifications/tilt-2.0.0.gemspec
I, [2014-02-17T03:09:46.744228 #37885]  INFO -- : 0:  haml (4.0.5) from /Users/l0ck3/.rbenv/versions/2.1.0/lib/ruby/gems/2.1.0/specifications/haml-4.0.5.gemspec
I, [2014-02-17T03:09:46.744485 #37885]  INFO -- : 0:  redcarpet (2.3.0) from /Users/l0ck3/.rbenv/versions/2.1.0/lib/ruby/gems/2.1.0/specifications/redcarpet-2.3.0.gemspec
I, [2014-02-17T03:09:46.744720 #37885]  INFO -- : 0:  temple (0.6.7) from /Users/l0ck3/.rbenv/versions/2.1.0/lib/ruby/gems/2.1.0/specifications/temple-0.6.7.gemspec
I, [2014-02-17T03:09:46.744959 #37885]  INFO -- : 0:  slim (2.0.2) from /Users/l0ck3/.rbenv/versions/2.1.0/lib/ruby/gems/2.1.0/specifications/slim-2.0.2.gemspec
I, [2014-02-17T03:09:46.745203 #37885]  INFO -- : 0:  reveal-ck (0.2.0) from /Users/l0ck3/.rbenv/versions/2.1.0/lib/ruby/gems/2.1.0/specifications/reveal-ck-0.2.0.gemspec
I, [2014-02-17T03:09:46.745440 #37885]  INFO -- : 0:  sass (3.2.14) from /Users/l0ck3/.rbenv/versions/2.1.0/lib/ruby/gems/2.1.0/specifications/sass-3.2.14.gemspec
I, [2014-02-17T03:09:46.745663 #37885]  INFO -- : 0:  bundler (1.5.1) from /Users/l0ck3/.rbenv/versions/2.1.0/lib/ruby/gems/2.1.0/specifications/bundler-1.5.1.gemspec
I, [2014-02-17T03:10:29.515054 #38017]  INFO -- : 0:  rake (10.1.1) from /Users/l0ck3/.rbenv/versions/2.1.0/lib/ruby/gems/2.1.0/specifications/rake-10.1.1.gemspec
I, [2014-02-17T03:10:29.515405 #38017]  INFO -- : 0:  RedCloth (4.2.9) from /Users/l0ck3/.rbenv/versions/2.1.0/lib/ruby/gems/2.1.0/specifications/RedCloth-4.2.9.gemspec
I, [2014-02-17T03:10:29.515673 #38017]  INFO -- : 0:  timers (1.1.0) from /Users/l0ck3/.rbenv/versions/2.1.0/lib/ruby/gems/2.1.0/specifications/timers-1.1.0.gemspec
I, [2014-02-17T03:10:29.515927 #38017]  INFO -- : 0:  celluloid (0.15.2) from /Users/l0ck3/.rbenv/versions/2.1.0/lib/ruby/gems/2.1.0/specifications/celluloid-0.15.2.gemspec
I, [2014-02-17T03:10:29.516160 #38017]  INFO -- : 0:  nio4r (1.0.0) from /Users/l0ck3/.rbenv/versions/2.1.0/lib/ruby/gems/2.1.0/specifications/nio4r-1.0.0.gemspec
I, [2014-02-17T03:10:29.516422 #38017]  INFO -- : 0:  celluloid-io (0.15.0) from /Users/l0ck3/.rbenv/versions/2.1.0/lib/ruby/gems/2.1.0/specifications/celluloid-io-0.15.0.gemspec
I, [2014-02-17T03:10:29.516668 #38017]  INFO -- : 0:  coderay (1.1.0) from /Users/l0ck3/.rbenv/versions/2.1.0/lib/ruby/gems/2.1.0/specifications/coderay-1.1.0.gemspec
I, [2014-02-17T03:10:29.516902 #38017]  INFO -- : 0:  docile (1.1.3) from /Users/l0ck3/.rbenv/versions/2.1.0/lib/ruby/gems/2.1.0/specifications/docile-1.1.3.gemspec
I, [2014-02-17T03:10:29.517133 #38017]  INFO -- : 0:  ffi (1.9.3) from /Users/l0ck3/.rbenv/versions/2.1.0/lib/ruby/gems/2.1.0/specifications/ffi-1.9.3.gemspec
I, [2014-02-17T03:10:29.517374 #38017]  INFO -- : 0:  formatador (0.2.4) from /Users/l0ck3/.rbenv/versions/2.1.0/lib/ruby/gems/2.1.0/specifications/formatador-0.2.4.gemspec
I, [2014-02-17T03:10:29.517615 #38017]  INFO -- : 0:  gli (2.9.0) from /Users/l0ck3/.rbenv/versions/2.1.0/lib/ruby/gems/2.1.0/specifications/gli-2.9.0.gemspec
I, [2014-02-17T03:10:29.517853 #38017]  INFO -- : 0:  rb-fsevent (0.9.4) from /Users/l0ck3/.rbenv/versions/2.1.0/lib/ruby/gems/2.1.0/specifications/rb-fsevent-0.9.4.gemspec
I, [2014-02-17T03:10:29.518085 #38017]  INFO -- : 0:  rb-inotify (0.9.3) from /Users/l0ck3/.rbenv/versions/2.1.0/lib/ruby/gems/2.1.0/specifications/rb-inotify-0.9.3.gemspec
I, [2014-02-17T03:10:29.518355 #38017]  INFO -- : 0:  listen (2.5.0) from /Users/l0ck3/.rbenv/versions/2.1.0/lib/ruby/gems/2.1.0/specifications/listen-2.5.0.gemspec
I, [2014-02-17T03:10:29.518595 #38017]  INFO -- : 0:  lumberjack (1.0.4) from /Users/l0ck3/.rbenv/versions/2.1.0/lib/ruby/gems/2.1.0/specifications/lumberjack-1.0.4.gemspec
I, [2014-02-17T03:10:29.518833 #38017]  INFO -- : 0:  method_source (0.8.2) from /Users/l0ck3/.rbenv/versions/2.1.0/lib/ruby/gems/2.1.0/specifications/method_source-0.8.2.gemspec
I, [2014-02-17T03:10:29.519086 #38017]  INFO -- : 0:  slop (3.4.7) from /Users/l0ck3/.rbenv/versions/2.1.0/lib/ruby/gems/2.1.0/specifications/slop-3.4.7.gemspec
I, [2014-02-17T03:10:29.519327 #38017]  INFO -- : 0:  pry (0.9.12.6) from /Users/l0ck3/.rbenv/versions/2.1.0/lib/ruby/gems/2.1.0/specifications/pry-0.9.12.6.gemspec
I, [2014-02-17T03:10:29.519554 #38017]  INFO -- : 0:  thor (0.18.1) from /Users/l0ck3/.rbenv/versions/2.1.0/lib/ruby/gems/2.1.0/specifications/thor-0.18.1.gemspec
I, [2014-02-17T03:10:29.519791 #38017]  INFO -- : 0:  guard (2.4.0) from /Users/l0ck3/.rbenv/versions/2.1.0/lib/ruby/gems/2.1.0/specifications/guard-2.4.0.gemspec
I, [2014-02-17T03:10:29.520025 #38017]  INFO -- : 0:  guard-shell (0.6.1) from /Users/l0ck3/.rbenv/versions/2.1.0/lib/ruby/gems/2.1.0/specifications/guard-shell-0.6.1.gemspec
I, [2014-02-17T03:10:29.520264 #38017]  INFO -- : 0:  tilt (2.0.0) from /Users/l0ck3/.rbenv/versions/2.1.0/lib/ruby/gems/2.1.0/specifications/tilt-2.0.0.gemspec
I, [2014-02-17T03:10:29.520524 #38017]  INFO -- : 0:  haml (4.0.5) from /Users/l0ck3/.rbenv/versions/2.1.0/lib/ruby/gems/2.1.0/specifications/haml-4.0.5.gemspec
I, [2014-02-17T03:10:29.520764 #38017]  INFO -- : 0:  redcarpet (2.3.0) from /Users/l0ck3/.rbenv/versions/2.1.0/lib/ruby/gems/2.1.0/specifications/redcarpet-2.3.0.gemspec
I, [2014-02-17T03:10:29.520995 #38017]  INFO -- : 0:  temple (0.6.7) from /Users/l0ck3/.rbenv/versions/2.1.0/lib/ruby/gems/2.1.0/specifications/temple-0.6.7.gemspec
I, [2014-02-17T03:10:29.521231 #38017]  INFO -- : 0:  slim (2.0.2) from /Users/l0ck3/.rbenv/versions/2.1.0/lib/ruby/gems/2.1.0/specifications/slim-2.0.2.gemspec
I, [2014-02-17T03:10:29.521462 #38017]  INFO -- : 0:  reveal-ck (0.2.0) from /Users/l0ck3/.rbenv/versions/2.1.0/lib/ruby/gems/2.1.0/specifications/reveal-ck-0.2.0.gemspec
I, [2014-02-17T03:10:29.521701 #38017]  INFO -- : 0:  sass (3.2.14) from /Users/l0ck3/.rbenv/versions/2.1.0/lib/ruby/gems/2.1.0/specifications/sass-3.2.14.gemspec
I, [2014-02-17T03:10:29.521907 #38017]  INFO -- : 0:  bundler (1.5.1) from /Users/l0ck3/.rbenv/versions/2.1.0/lib/ruby/gems/2.1.0/specifications/bundler-1.5.1.gemspec
I, [2014-02-17T03:10:38.691648 #38065]  INFO -- : 0:  rake (10.1.1) from /Users/l0ck3/.rbenv/versions/2.1.0/lib/ruby/gems/2.1.0/specifications/rake-10.1.1.gemspec
I, [2014-02-17T03:10:38.692105 #38065]  INFO -- : 0:  RedCloth (4.2.9) from /Users/l0ck3/.rbenv/versions/2.1.0/lib/ruby/gems/2.1.0/specifications/RedCloth-4.2.9.gemspec
I, [2014-02-17T03:10:38.692493 #38065]  INFO -- : 0:  timers (1.1.0) from /Users/l0ck3/.rbenv/versions/2.1.0/lib/ruby/gems/2.1.0/specifications/timers-1.1.0.gemspec
I, [2014-02-17T03:10:38.692901 #38065]  INFO -- : 0:  celluloid (0.15.2) from /Users/l0ck3/.rbenv/versions/2.1.0/lib/ruby/gems/2.1.0/specifications/celluloid-0.15.2.gemspec
I, [2014-02-17T03:10:38.693277 #38065]  INFO -- : 0:  nio4r (1.0.0) from /Users/l0ck3/.rbenv/versions/2.1.0/lib/ruby/gems/2.1.0/specifications/nio4r-1.0.0.gemspec
I, [2014-02-17T03:10:38.693661 #38065]  INFO -- : 0:  celluloid-io (0.15.0) from /Users/l0ck3/.rbenv/versions/2.1.0/lib/ruby/gems/2.1.0/specifications/celluloid-io-0.15.0.gemspec
I, [2014-02-17T03:10:38.694076 #38065]  INFO -- : 0:  coderay (1.1.0) from /Users/l0ck3/.rbenv/versions/2.1.0/lib/ruby/gems/2.1.0/specifications/coderay-1.1.0.gemspec
I, [2014-02-17T03:10:38.694445 #38065]  INFO -- : 0:  docile (1.1.3) from /Users/l0ck3/.rbenv/versions/2.1.0/lib/ruby/gems/2.1.0/specifications/docile-1.1.3.gemspec
I, [2014-02-17T03:10:38.694860 #38065]  INFO -- : 0:  ffi (1.9.3) from /Users/l0ck3/.rbenv/versions/2.1.0/lib/ruby/gems/2.1.0/specifications/ffi-1.9.3.gemspec
I, [2014-02-17T03:10:38.695229 #38065]  INFO -- : 0:  formatador (0.2.4) from /Users/l0ck3/.rbenv/versions/2.1.0/lib/ruby/gems/2.1.0/specifications/formatador-0.2.4.gemspec
I, [2014-02-17T03:10:38.695681 #38065]  INFO -- : 0:  gli (2.9.0) from /Users/l0ck3/.rbenv/versions/2.1.0/lib/ruby/gems/2.1.0/specifications/gli-2.9.0.gemspec
I, [2014-02-17T03:10:38.696064 #38065]  INFO -- : 0:  rb-fsevent (0.9.4) from /Users/l0ck3/.rbenv/versions/2.1.0/lib/ruby/gems/2.1.0/specifications/rb-fsevent-0.9.4.gemspec
I, [2014-02-17T03:10:38.696475 #38065]  INFO -- : 0:  rb-inotify (0.9.3) from /Users/l0ck3/.rbenv/versions/2.1.0/lib/ruby/gems/2.1.0/specifications/rb-inotify-0.9.3.gemspec
I, [2014-02-17T03:10:38.696863 #38065]  INFO -- : 0:  listen (2.5.0) from /Users/l0ck3/.rbenv/versions/2.1.0/lib/ruby/gems/2.1.0/specifications/listen-2.5.0.gemspec
I, [2014-02-17T03:10:38.697260 #38065]  INFO -- : 0:  lumberjack (1.0.4) from /Users/l0ck3/.rbenv/versions/2.1.0/lib/ruby/gems/2.1.0/specifications/lumberjack-1.0.4.gemspec
I, [2014-02-17T03:10:38.697550 #38065]  INFO -- : 0:  method_source (0.8.2) from /Users/l0ck3/.rbenv/versions/2.1.0/lib/ruby/gems/2.1.0/specifications/method_source-0.8.2.gemspec
I, [2014-02-17T03:10:38.697806 #38065]  INFO -- : 0:  slop (3.4.7) from /Users/l0ck3/.rbenv/versions/2.1.0/lib/ruby/gems/2.1.0/specifications/slop-3.4.7.gemspec
I, [2014-02-17T03:10:38.698068 #38065]  INFO -- : 0:  pry (0.9.12.6) from /Users/l0ck3/.rbenv/versions/2.1.0/lib/ruby/gems/2.1.0/specifications/pry-0.9.12.6.gemspec
I, [2014-02-17T03:10:38.698297 #38065]  INFO -- : 0:  thor (0.18.1) from /Users/l0ck3/.rbenv/versions/2.1.0/lib/ruby/gems/2.1.0/specifications/thor-0.18.1.gemspec
I, [2014-02-17T03:10:38.698535 #38065]  INFO -- : 0:  guard (2.4.0) from /Users/l0ck3/.rbenv/versions/2.1.0/lib/ruby/gems/2.1.0/specifications/guard-2.4.0.gemspec
I, [2014-02-17T03:10:38.698773 #38065]  INFO -- : 0:  guard-shell (0.6.1) from /Users/l0ck3/.rbenv/versions/2.1.0/lib/ruby/gems/2.1.0/specifications/guard-shell-0.6.1.gemspec
I, [2014-02-17T03:10:38.699014 #38065]  INFO -- : 0:  tilt (2.0.0) from /Users/l0ck3/.rbenv/versions/2.1.0/lib/ruby/gems/2.1.0/specifications/tilt-2.0.0.gemspec
I, [2014-02-17T03:10:38.699247 #38065]  INFO -- : 0:  haml (4.0.5) from /Users/l0ck3/.rbenv/versions/2.1.0/lib/ruby/gems/2.1.0/specifications/haml-4.0.5.gemspec
I, [2014-02-17T03:10:38.699485 #38065]  INFO -- : 0:  redcarpet (2.3.0) from /Users/l0ck3/.rbenv/versions/2.1.0/lib/ruby/gems/2.1.0/specifications/redcarpet-2.3.0.gemspec
I, [2014-02-17T03:10:38.699738 #38065]  INFO -- : 0:  temple (0.6.7) from /Users/l0ck3/.rbenv/versions/2.1.0/lib/ruby/gems/2.1.0/specifications/temple-0.6.7.gemspec
I, [2014-02-17T03:10:38.699971 #38065]  INFO -- : 0:  slim (2.0.2) from /Users/l0ck3/.rbenv/versions/2.1.0/lib/ruby/gems/2.1.0/specifications/slim-2.0.2.gemspec
I, [2014-02-17T03:10:38.700206 #38065]  INFO -- : 0:  reveal-ck (0.2.0) from /Users/l0ck3/.rbenv/versions/2.1.0/lib/ruby/gems/2.1.0/specifications/reveal-ck-0.2.0.gemspec
I, [2014-02-17T03:10:38.700413 #38065]  INFO -- : 0:  bundler (1.5.1) from /Users/l0ck3/.rbenv/versions/2.1.0/lib/ruby/gems/2.1.0/specifications/bundler-1.5.1.gemspec
